[22:17:04] [main/INFO]: Setting user: Player265
[22:17:05] [Client thread/INFO]: LWJGL Version: 2.9.1
[22:17:17] [Client thread/INFO]: Reloading ResourceManager: Default, FMLFileResourcePack:Forge Mod Loader, FMLFileResourcePack:Minecraft Forge, FMLFileResourcePack:AfterMine
[22:17:18] [Sound Library Loader/INFO]: Sound engine started
[22:17:19] [Client thread/INFO]: Created: 16x16 textures/blocks-atlas
[22:17:19] [Client thread/INFO]: Created: 16x16 textures/items-atlas
[22:17:19] [Client thread/INFO]: Reloading ResourceManager: Default, FMLFileResourcePack:Forge Mod Loader, FMLFileResourcePack:Minecraft Forge, FMLFileResourcePack:AfterMine
[22:17:19] [Client thread/INFO]: Created: 512x256 textures/blocks-atlas
[22:17:20] [Client thread/INFO]: Created: 256x256 textures/items-atlas
[22:17:20] [Sound Library Loader/INFO]: Sound engine started
[22:17:33] [Server thread/INFO]: Starting integrated minecraft server version 1.7.10
[22:17:33] [Server thread/INFO]: Generating keypair
[22:17:34] [Server thread/INFO]: Preparing start region for level 0
[22:17:35] [Server thread/INFO]: Changing view distance to 12, from 10
[22:17:35] [Server thread/INFO]: Player265[local:E:09cb75c9] logged in with entity id 286 at (281.38500683614643, 71.0, 263.1039514214462)
[22:17:35] [Server thread/INFO]: Player265 joined the game
[22:17:36] [Server thread/INFO]: Player265 has just earned the achievement [Taking Inventory]
[22:17:36] [Client thread/INFO]: [CHAT] Player265 has just earned the achievement [Taking Inventory]
[22:17:51] [Server thread/INFO]: [Player265: Set own game mode to Creative Mode]
[22:17:51] [Client thread/INFO]: [CHAT] Your game mode has been updated
[22:17:58] [Server thread/INFO]: [Player265: Set own game mode to Survival Mode]
[22:17:58] [Client thread/INFO]: [CHAT] Your game mode has been updated
[22:18:04] [Server thread/INFO]: [Player265: Set own game mode to Creative Mode]
[22:18:04] [Client thread/INFO]: [CHAT] Your game mode has been updated
[22:44:46] [Server thread/INFO]: [Player265: Set own game mode to Survival Mode]
[22:44:46] [Client thread/INFO]: [CHAT] Your game mode has been updated
[22:44:53] [Server thread/INFO]: [Player265: Set own game mode to Creative Mode]
[22:44:53] [Client thread/INFO]: [CHAT] Your game mode has been updated
[22:45:05] [Server thread/INFO]: [Player265: Set own game mode to Survival Mode]
[22:45:05] [Client thread/INFO]: [CHAT] Your game mode has been updated
[22:45:59] [Server thread/INFO]: Saving and pausing game...
[22:45:59] [Server thread/INFO]: Saving chunks for level 'TEST'/Overworld
[22:45:59] [Server thread/INFO]: Saving chunks for level 'TEST'/Nether
[22:45:59] [Server thread/INFO]: Saving chunks for level 'TEST'/The End
[22:46:01] [Client thread/INFO]: Stopping!
[22:46:01] [Server thread/INFO]: Stopping server
[22:46:01] [Server thread/INFO]: Saving players
[22:46:01] [Server thread/INFO]: Saving worlds
[22:46:01] [Server thread/INFO]: Saving chunks for level 'TEST'/Overworld
[22:46:01] [Server thread/INFO]: Saving chunks for level 'TEST'/Nether
[22:46:01] [Server thread/INFO]: Saving chunks for level 'TEST'/The End
